# JRE version: Java(TM) SE Runtime Environment (8.0_71-b15) (build 1.8.0_71-b15)
# Java VM: Java HotSpot(TM) 64-Bit Server VM (25.71-b15 mixed mode bsd-amd64 compressed oops)
Heap:
 PSYoungGen      total 666112K, used 251978K [0x000000076ab00000, 0x00000007a0100000, 0x00000007c0000000)
  eden space 498176K, 26% used [0x000000076ab00000,0x0000000772a7fff8,0x0000000789180000)
  from space 167936K, 72% used [0x0000000793f00000,0x000000079b5928c0,0x000000079e300000)
  to   space 177664K, 0% used [0x0000000789180000,0x0000000789180000,0x0000000793f00000)
 ParOldGen       total 697344K, used 550165K [0x00000006c0000000, 0x00000006ea900000, 0x000000076ab00000)
  object space 697344K, 78% used [0x00000006c0000000,0x00000006e19456f0,0x00000006ea900000)
 Metaspace       used 58950K, capacity 59314K, committed 60120K, reserved 1101824K
  class space    used 8409K, capacity 8522K, committed 8664K, reserved 1048576K
GC Heap History (10 events):
Event: 22849.822 GC heap before
{Heap before GC invocations=148 (full 16):
 PSYoungGen      total 513024K, used 490752K [0x000000076ab00000, 0x0000000793000000, 0x00000007c0000000)
  eden space 413696K, 100% used [0x000000076ab00000,0x0000000783f00000,0x0000000783f00000)
  from space 99328K, 77% used [0x0000000783f00000,0x0000000788a40000,0x000000078a000000)
  to   space 107520K, 0% used [0x000000078c700000,0x000000078c700000,0x0000000793000000)
 ParOldGen       total 697344K, used 515141K [0x00000006c0000000, 0x00000006ea900000, 0x000000076ab00000)
  object space 697344K, 73% used [0x00000006c0000000,0x00000006df7116f0,0x00000006ea900000)
 Metaspace       used 58938K, capacity 59314K, committed 60120K, reserved 1101824K
  class space    used 8409K, capacity 8522K, committed 8664K, reserved 1048576K
Event: 22850.548 GC heap after
Heap after GC invocations=148 (full 16):
 PSYoungGen      total 541696K, used 91776K [0x000000076ab00000, 0x0000000794500000, 0x00000007c0000000)
  eden space 434176K, 0% used [0x000000076ab00000,0x000000076ab00000,0x0000000785300000)
  from space 107520K, 85% used [0x000000078c700000,0x00000007920a0000,0x0000000793000000)
  to   space 118784K, 0% used [0x0000000785300000,0x0000000785300000,0x000000078c700000)
 ParOldGen       total 697344K, used 515141K [0x00000006c0000000, 0x00000006ea900000, 0x000000076ab00000)
  object space 697344K, 73% used [0x00000006c0000000,0x00000006df7116f0,0x00000006ea900000)
 Metaspace       used 58938K, capacity 59314K, committed 60120K, reserved 1101824K
  class space    used 8409K, capacity 8522K, committed 8664K, reserved 1048576K
}
Event: 22932.771 GC heap before
{Heap before GC invocations=149 (full 16):
 PSYoungGen      total 541696K, used 525952K [0x000000076ab00000, 0x0000000794500000, 0x00000007c0000000)
  eden space 434176K, 100% used [0x000000076ab00000,0x0000000785300000,0x0000000785300000)
  from space 107520K, 85% used [0x000000078c700000,0x00000007920a0000,0x0000000793000000)
  to   space 118784K, 0% used [0x0000000785300000,0x0000000785300000,0x000000078c700000)
 ParOldGen       total 697344K, used 515141K [0x00000006c0000000, 0x00000006ea900000, 0x000000076ab00000)
  object space 697344K, 73% used [0x00000006c0000000,0x00000006df7116f0,0x00000006ea900000)
 Metaspace       used 58938K, capacity 59314K, committed 60120K, reserved 1101824K
  class space    used 8409K, capacity 8522K, committed 8664K, reserved 1048576K
Event: 22933.748 GC heap after
Heap after GC invocations=149 (full 16):
 PSYoungGen      total 552960K, used 107264K [0x000000076ab00000, 0x0000000797780000, 0x00000007c0000000)
  eden space 434176K, 0% used [0x000000076ab00000,0x000000076ab00000,0x0000000785300000)
  from space 118784K, 90% used [0x0000000785300000,0x000000078bbc0000,0x000000078c700000)
  to   space 133632K, 0% used [0x000000078f500000,0x000000078f500000,0x0000000797780000)
 ParOldGen       total 697344K, used 515141K [0x00000006c0000000, 0x00000006ea900000, 0x000000076ab00000)
  object space 697344K, 73% used [0x00000006c0000000,0x00000006df7116f0,0x00000006ea900000)
 Metaspace       used 58938K, capacity 59314K, committed 60120K, reserved 1101824K
  class space    used 8409K, capacity 8522K, committed 8664K, reserved 1048576K
}
Event: 23012.215 GC heap before
{Heap before GC invocations=150 (full 16):
 PSYoungGen      total 552960K, used 541440K [0x000000076ab00000, 0x0000000797780000, 0x00000007c0000000)
  eden space 434176K, 100% used [0x000000076ab00000,0x0000000785300000,0x0000000785300000)
  from space 118784K, 90% used [0x0000000785300000,0x000000078bbc0000,0x000000078c700000)
  to   space 133632K, 0% used [0x000000078f500000,0x000000078f500000,0x0000000797780000)
 ParOldGen       total 697344K, used 515141K [0x00000006c0000000, 0x00000006ea900000, 0x000000076ab00000)
  object space 697344K, 73% used [0x00000006c0000000,0x00000006df7116f0,0x00000006ea900000)
 Metaspace       used 58939K, capacity 59314K, committed 60120K, reserved 1101824K
  class space    used 8409K, capacity 8522K, committed 8664K, reserved 1048576K
Event: 23015.471 GC heap after
Heap after GC invocations=150 (full 16):
 PSYoungGen      total 582656K, used 122688K [0x000000076ab00000, 0x000000079a380000, 0x00000007c0000000)
  eden space 449024K, 0% used [0x000000076ab00000,0x000000076ab00000,0x0000000786180000)
  from space 133632K, 91% used [0x000000078f500000,0x0000000796cd0000,0x0000000797780000)
  to   space 151040K, 0% used [0x0000000786180000,0x0000000786180000,0x000000078f500000)
 ParOldGen       total 697344K, used 515141K [0x00000006c0000000, 0x00000006ea900000, 0x000000076ab00000)
  object space 697344K, 73% used [0x00000006c0000000,0x00000006df7116f0,0x00000006ea900000)
 Metaspace       used 58939K, capacity 59314K, committed 60120K, reserved 1101824K
  class space    used 8409K, capacity 8522K, committed 8664K, reserved 1048576K
}
Event: 23098.152 GC heap before
{Heap before GC invocations=151 (full 16):
 PSYoungGen      total 582656K, used 571712K [0x000000076ab00000, 0x000000079a380000, 0x00000007c0000000)
  eden space 449024K, 100% used [0x000000076ab00000,0x0000000786180000,0x0000000786180000)
  from space 133632K, 91% used [0x000000078f500000,0x0000000796cd0000,0x0000000797780000)
  to   space 151040K, 0% used [0x0000000786180000,0x0000000786180000,0x000000078f500000)
 ParOldGen       total 697344K, used 515141K [0x00000006c0000000, 0x00000006ea900000, 0x000000076ab00000)
  object space 697344K, 73% used [0x00000006c0000000,0x00000006df7116f0,0x00000006ea900000)
 Metaspace       used 58939K, capacity 59314K, committed 60120K, reserved 1101824K
  class space    used 8409K, capacity 8522K, committed 8664K, reserved 1048576K
Event: 23106.484 GC heap after
Heap after GC invocations=151 (full 16):
 PSYoungGen      total 600064K, used 130652K [0x000000076ab00000, 0x000000079e300000, 0x00000007c0000000)
  eden space 449024K, 0% used [0x000000076ab00000,0x000000076ab00000,0x0000000786180000)
  from space 151040K, 86% used [0x0000000786180000,0x000000078e117250,0x000000078f500000)
  to   space 167936K, 0% used [0x0000000793f00000,0x0000000793f00000,0x000000079e300000)
 ParOldGen       total 697344K, used 523173K [0x00000006c0000000, 0x00000006ea900000, 0x000000076ab00000)
  object space 697344K, 75% used [0x00000006c0000000,0x00000006dfee96f0,0x00000006ea900000)
 Metaspace       used 58939K, capacity 59314K, committed 60120K, reserved 1101824K
  class space    used 8409K, capacity 8522K, committed 8664K, reserved 1048576K
}
Event: 23194.400 GC heap before
{Heap before GC invocations=152 (full 16):
 PSYoungGen      total 600064K, used 579676K [0x000000076ab00000, 0x000000079e300000, 0x00000007c0000000)
  eden space 449024K, 100% used [0x000000076ab00000,0x0000000786180000,0x0000000786180000)
  from space 151040K, 86% used [0x0000000786180000,0x000000078e117250,0x000000078f500000)
  to   space 167936K, 0% used [0x0000000793f00000,0x0000000793f00000,0x000000079e300000)
 ParOldGen       total 697344K, used 523173K [0x00000006c0000000, 0x00000006ea900000, 0x000000076ab00000)
  object space 697344K, 75% used [0x00000006c0000000,0x00000006dfee96f0,0x00000006ea900000)
 Metaspace       used 58939K, capacity 59314K, committed 60120K, reserved 1101824K
  class space    used 8409K, capacity 8522K, committed 8664K, reserved 1048576K
Event: 23211.381 GC heap after
Heap after GC invocations=152 (full 16):
 PSYoungGen      total 666112K, used 121418K [0x000000076ab00000, 0x00000007a0100000, 0x00000007c0000000)
  eden space 498176K, 0% used [0x000000076ab00000,0x000000076ab00000,0x0000000789180000)
  from space 167936K, 72% used [0x0000000793f00000,0x000000079b5928c0,0x000000079e300000)
  to   space 177664K, 0% used [0x0000000789180000,0x0000000789180000,0x0000000793f00000)
 ParOldGen       total 697344K, used 550165K [0x00000006c0000000, 0x00000006ea900000, 0x000000076ab00000)
  object space 697344K, 78% used [0x00000006c0000000,0x00000006e19456f0,0x00000006ea900000)
 Metaspace       used 58939K, capacity 59314K, committed 60120K, reserved 1101824K
  class space    used 8409K, capacity 8522K, committed 8664K, reserved 1048576K
}

