# JRE version: Java(TM) SE Runtime Environment (8.0_71-b15) (build 1.8.0_71-b15)
# Java VM: Java HotSpot(TM) 64-Bit Server VM (25.71-b15 mixed mode bsd-amd64 compressed oops)
Heap:
 PSYoungGen      total 972288K, used 514109K [0x000000076ab00000, 0x00000007c0000000, 0x00000007c0000000)
  eden space 546816K, 94% used [0x000000076ab00000,0x000000078a10f578,0x000000078c100000)
  from space 425472K, 0% used [0x000000078c100000,0x000000078c100000,0x00000007a6080000)
  to   space 424448K, 0% used [0x00000007a6180000,0x00000007a6180000,0x00000007c0000000)
 ParOldGen       total 2796544K, used 2796125K [0x00000006c0000000, 0x000000076ab00000, 0x000000076ab00000)
  object space 2796544K, 99% used [0x00000006c0000000,0x000000076aa97438,0x000000076ab00000)
 Metaspace       used 59079K, capacity 59402K, committed 60160K, reserved 1101824K
  class space    used 8461K, capacity 8554K, committed 8704K, reserved 1048576K
GC Heap History (10 events):
Event: 20006.833 GC heap before
{Heap before GC invocations=338 (full 79):
 PSYoungGen      total 972288K, used 546816K [0x000000076ab00000, 0x00000007c0000000, 0x00000007c0000000)
  eden space 546816K, 100% used [0x000000076ab00000,0x000000078c100000,0x000000078c100000)
  from space 425472K, 0% used [0x000000078c100000,0x000000078c100000,0x00000007a6080000)
  to   space 424448K, 0% used [0x00000007a6180000,0x00000007a6180000,0x00000007c0000000)
 ParOldGen       total 2796544K, used 2796332K [0x00000006c0000000, 0x000000076ab00000, 0x000000076ab00000)
  object space 2796544K, 99% used [0x00000006c0000000,0x000000076aacb390,0x000000076ab00000)
 Metaspace       used 58936K, capacity 59236K, committed 59904K, reserved 1099776K
  class space    used 8450K, capacity 8537K, committed 8704K, reserved 1048576K
Event: 20034.341 GC heap after
Heap after GC invocations=338 (full 79):
 PSYoungGen      total 972288K, used 503961K [0x000000076ab00000, 0x00000007c0000000, 0x00000007c0000000)
  eden space 546816K, 92% used [0x000000076ab00000,0x0000000789726760,0x000000078c100000)
  from space 425472K, 0% used [0x000000078c100000,0x000000078c100000,0x00000007a6080000)
  to   space 424448K, 0% used [0x00000007a6180000,0x00000007a6180000,0x00000007c0000000)
 ParOldGen       total 2796544K, used 2796330K [0x00000006c0000000, 0x000000076ab00000, 0x000000076ab00000)
  object space 2796544K, 99% used [0x00000006c0000000,0x000000076aaca870,0x000000076ab00000)
 Metaspace       used 58936K, capacity 59236K, committed 59904K, reserved 1099776K
  class space    used 8450K, capacity 8537K, committed 8704K, reserved 1048576K
}
Event: 20082.254 GC heap before
{Heap before GC invocations=339 (full 80):
 PSYoungGen      total 972288K, used 546816K [0x000000076ab00000, 0x00000007c0000000, 0x00000007c0000000)
  eden space 546816K, 100% used [0x000000076ab00000,0x000000078c100000,0x000000078c100000)
  from space 425472K, 0% used [0x000000078c100000,0x000000078c100000,0x00000007a6080000)
  to   space 424448K, 0% used [0x00000007a6180000,0x00000007a6180000,0x00000007c0000000)
 ParOldGen       total 2796544K, used 2796330K [0x00000006c0000000, 0x000000076ab00000, 0x000000076ab00000)
  object space 2796544K, 99% used [0x00000006c0000000,0x000000076aaca870,0x000000076ab00000)
 Metaspace       used 58941K, capacity 59242K, committed 59904K, reserved 1099776K
  class space    used 8451K, capacity 8538K, committed 8704K, reserved 1048576K
Event: 20135.861 GC heap after
Heap after GC invocations=339 (full 80):
 PSYoungGen      total 972288K, used 505380K [0x000000076ab00000, 0x00000007c0000000, 0x00000007c0000000)
  eden space 546816K, 92% used [0x000000076ab00000,0x0000000789889268,0x000000078c100000)
  from space 425472K, 0% used [0x000000078c100000,0x000000078c100000,0x00000007a6080000)
  to   space 424448K, 0% used [0x00000007a6180000,0x00000007a6180000,0x00000007c0000000)
 ParOldGen       total 2796544K, used 2796299K [0x00000006c0000000, 0x000000076ab00000, 0x000000076ab00000)
  object space 2796544K, 99% used [0x00000006c0000000,0x000000076aac2e28,0x000000076ab00000)
 Metaspace       used 58941K, capacity 59242K, committed 59904K, reserved 1099776K
  class space    used 8451K, capacity 8538K, committed 8704K, reserved 1048576K
}
Event: 20136.106 GC heap before
{Heap before GC invocations=340 (full 81):
 PSYoungGen      total 972288K, used 546816K [0x000000076ab00000, 0x00000007c0000000, 0x00000007c0000000)
  eden space 546816K, 100% used [0x000000076ab00000,0x000000078c100000,0x000000078c100000)
  from space 425472K, 0% used [0x000000078c100000,0x000000078c100000,0x00000007a6080000)
  to   space 424448K, 0% used [0x00000007a6180000,0x00000007a6180000,0x00000007c0000000)
 ParOldGen       total 2796544K, used 2796299K [0x00000006c0000000, 0x000000076ab00000, 0x000000076ab00000)
  object space 2796544K, 99% used [0x00000006c0000000,0x000000076aac2e28,0x000000076ab00000)
 Metaspace       used 58941K, capacity 59242K, committed 59904K, reserved 1099776K
  class space    used 8451K, capacity 8538K, committed 8704K, reserved 1048576K
Event: 20180.021 GC heap after
Heap after GC invocations=340 (full 81):
 PSYoungGen      total 972288K, used 506812K [0x000000076ab00000, 0x00000007c0000000, 0x00000007c0000000)
  eden space 546816K, 92% used [0x000000076ab00000,0x00000007899ef3c8,0x000000078c100000)
  from space 425472K, 0% used [0x000000078c100000,0x000000078c100000,0x00000007a6080000)
  to   space 424448K, 0% used [0x00000007a6180000,0x00000007a6180000,0x00000007c0000000)
 ParOldGen       total 2796544K, used 2796208K [0x00000006c0000000, 0x000000076ab00000, 0x000000076ab00000)
  object space 2796544K, 99% used [0x00000006c0000000,0x000000076aaac2f0,0x000000076ab00000)
 Metaspace       used 58941K, capacity 59242K, committed 59904K, reserved 1099776K
  class space    used 8451K, capacity 8538K, committed 8704K, reserved 1048576K
}
Event: 20736.878 GC heap before
{Heap before GC invocations=341 (full 82):
 PSYoungGen      total 972288K, used 546816K [0x000000076ab00000, 0x00000007c0000000, 0x00000007c0000000)
  eden space 546816K, 100% used [0x000000076ab00000,0x000000078c100000,0x000000078c100000)
  from space 425472K, 0% used [0x000000078c100000,0x000000078c100000,0x00000007a6080000)
  to   space 424448K, 0% used [0x00000007a6180000,0x00000007a6180000,0x00000007c0000000)
 ParOldGen       total 2796544K, used 2796208K [0x00000006c0000000, 0x000000076ab00000, 0x000000076ab00000)
  object space 2796544K, 99% used [0x00000006c0000000,0x000000076aaac2f0,0x000000076ab00000)
 Metaspace       used 59020K, capacity 59336K, committed 60160K, reserved 1101824K
  class space    used 8454K, capacity 8543K, committed 8704K, reserved 1048576K
Event: 20807.236 GC heap after
Heap after GC invocations=341 (full 82):
 PSYoungGen      total 972288K, used 508450K [0x000000076ab00000, 0x00000007c0000000, 0x00000007c0000000)
  eden space 546816K, 92% used [0x000000076ab00000,0x0000000789b88ba8,0x000000078c100000)
  from space 425472K, 0% used [0x000000078c100000,0x000000078c100000,0x00000007a6080000)
  to   space 424448K, 0% used [0x00000007a6180000,0x00000007a6180000,0x00000007c0000000)
 ParOldGen       total 2796544K, used 2796169K [0x00000006c0000000, 0x000000076ab00000, 0x000000076ab00000)
  object space 2796544K, 99% used [0x00000006c0000000,0x000000076aaa26d8,0x000000076ab00000)
 Metaspace       used 59020K, capacity 59336K, committed 60160K, reserved 1101824K
  class space    used 8454K, capacity 8543K, committed 8704K, reserved 1048576K
}
Event: 21601.815 GC heap before
{Heap before GC invocations=342 (full 83):
 PSYoungGen      total 972288K, used 515354K [0x000000076ab00000, 0x00000007c0000000, 0x00000007c0000000)
  eden space 546816K, 94% used [0x000000076ab00000,0x000000078a246b78,0x000000078c100000)
  from space 425472K, 0% used [0x000000078c100000,0x000000078c100000,0x00000007a6080000)
  to   space 424448K, 0% used [0x00000007a6180000,0x00000007a6180000,0x00000007c0000000)
 ParOldGen       total 2796544K, used 2796169K [0x00000006c0000000, 0x000000076ab00000, 0x000000076ab00000)
  object space 2796544K, 99% used [0x00000006c0000000,0x000000076aaa26d8,0x000000076ab00000)
 Metaspace       used 59029K, capacity 59336K, committed 60160K, reserved 1101824K
  class space    used 8455K, capacity 8543K, committed 8704K, reserved 1048576K
Event: 21629.359 GC heap after
Heap after GC invocations=342 (full 83):
 PSYoungGen      total 972288K, used 508242K [0x000000076ab00000, 0x00000007c0000000, 0x00000007c0000000)
  eden space 546816K, 92% used [0x000000076ab00000,0x0000000789b54880,0x000000078c100000)
  from space 425472K, 0% used [0x000000078c100000,0x000000078c100000,0x00000007a6080000)
  to   space 424448K, 0% used [0x00000007a6180000,0x00000007a6180000,0x00000007c0000000)
 ParOldGen       total 2796544K, used 2796125K [0x00000006c0000000, 0x000000076ab00000, 0x000000076ab00000)
  object space 2796544K, 99% used [0x00000006c0000000,0x000000076aa97438,0x000000076ab00000)
 Metaspace       used 59029K, capacity 59336K, committed 60160K, reserved 1101824K
  class space    used 8455K, capacity 8543K, committed 8704K, reserved 1048576K
}

