# JRE version: Java(TM) SE Runtime Environment (8.0_71-b15) (build 1.8.0_71-b15)
# Java VM: Java HotSpot(TM) 64-Bit Server VM (25.71-b15 mixed mode bsd-amd64 compressed oops)
Heap:
 PSYoungGen      total 931840K, used 350585K [0x000000076ab00000, 0x00000007c0000000, 0x00000007c0000000)
  eden space 465920K, 66% used [0x000000076ab00000,0x000000077db651a8,0x0000000787200000)
  from space 465920K, 8% used [0x00000007a3900000,0x00000007a5ef93c0,0x00000007c0000000)
  to   space 465920K, 0% used [0x0000000787200000,0x0000000787200000,0x00000007a3900000)
 ParOldGen       total 1499136K, used 1387607K [0x00000006c0000000, 0x000000071b800000, 0x000000076ab00000)
  object space 1499136K, 92% used [0x00000006c0000000,0x0000000714b15e28,0x000000071b800000)
 Metaspace       used 61624K, capacity 61974K, committed 62848K, reserved 1103872K
  class space    used 8797K, capacity 8918K, committed 9088K, reserved 1048576K
GC Heap History (10 events):
Event: 21506.570 GC heap before
{Heap before GC invocations=96 (full 17):
 PSYoungGen      total 948736K, used 871649K [0x000000076ab00000, 0x00000007c0000000, 0x00000007c0000000)
  eden space 523264K, 100% used [0x000000076ab00000,0x000000078aa00000,0x000000078aa00000)
  from space 425472K, 81% used [0x00000007a6080000,0x00000007bb4b84f8,0x00000007c0000000)
  to   space 437248K, 0% used [0x000000078aa00000,0x000000078aa00000,0x00000007a5500000)
 ParOldGen       total 1499136K, used 1003638K [0x00000006c0000000, 0x000000071b800000, 0x000000076ab00000)
  object space 1499136K, 66% used [0x00000006c0000000,0x00000006fd41d898,0x000000071b800000)
 Metaspace       used 61532K, capacity 61866K, committed 62592K, reserved 1103872K
  class space    used 8772K, capacity 8884K, committed 9088K, reserved 1048576K
Event: 21510.019 GC heap after
Heap after GC invocations=96 (full 17):
 PSYoungGen      total 870912K, used 347201K [0x000000076ab00000, 0x00000007c0000000, 0x00000007c0000000)
  eden space 523264K, 0% used [0x000000076ab00000,0x000000076ab00000,0x000000078aa00000)
  from space 347648K, 99% used [0x000000078aa00000,0x000000079fd10460,0x000000079fd80000)
  to   space 445440K, 0% used [0x00000007a4d00000,0x00000007a4d00000,0x00000007c0000000)
 ParOldGen       total 1499136K, used 1024406K [0x00000006c0000000, 0x000000071b800000, 0x000000076ab00000)
  object space 1499136K, 68% used [0x00000006c0000000,0x00000006fe865898,0x000000071b800000)
 Metaspace       used 61532K, capacity 61866K, committed 62592K, reserved 1103872K
  class space    used 8772K, capacity 8884K, committed 9088K, reserved 1048576K
}
Event: 21601.709 GC heap before
{Heap before GC invocations=97 (full 17):
 PSYoungGen      total 870912K, used 831503K [0x000000076ab00000, 0x00000007c0000000, 0x00000007c0000000)
  eden space 523264K, 92% used [0x000000076ab00000,0x00000007883f3898,0x000000078aa00000)
  from space 347648K, 99% used [0x000000078aa00000,0x000000079fd10460,0x000000079fd80000)
  to   space 445440K, 0% used [0x00000007a4d00000,0x00000007a4d00000,0x00000007c0000000)
 ParOldGen       total 1499136K, used 1024406K [0x00000006c0000000, 0x000000071b800000, 0x000000076ab00000)
  object space 1499136K, 68% used [0x00000006c0000000,0x00000006fe865898,0x000000071b800000)
 Metaspace       used 61532K, capacity 61866K, committed 62592K, reserved 1103872K
  class space    used 8772K, capacity 8884K, committed 9088K, reserved 1048576K
Event: 21606.801 GC heap after
Heap after GC invocations=97 (full 17):
 PSYoungGen      total 944128K, used 343328K [0x000000076ab00000, 0x00000007c0000000, 0x00000007c0000000)
  eden space 498688K, 0% used [0x000000076ab00000,0x000000076ab00000,0x0000000789200000)
  from space 445440K, 77% used [0x00000007a4d00000,0x00000007b9c48240,0x00000007c0000000)
  to   space 449536K, 0% used [0x0000000789200000,0x0000000789200000,0x00000007a4900000)
 ParOldGen       total 1499136K, used 1046334K [0x00000006c0000000, 0x000000071b800000, 0x000000076ab00000)
  object space 1499136K, 69% used [0x00000006c0000000,0x00000006ffdcf898,0x000000071b800000)
 Metaspace       used 61532K, capacity 61866K, committed 62592K, reserved 1103872K
  class space    used 8772K, capacity 8884K, committed 9088K, reserved 1048576K
}
Event: 21606.801 GC heap before
{Heap before GC invocations=98 (full 18):
 PSYoungGen      total 944128K, used 343328K [0x000000076ab00000, 0x00000007c0000000, 0x00000007c0000000)
  eden space 498688K, 0% used [0x000000076ab00000,0x000000076ab00000,0x0000000789200000)
  from space 445440K, 77% used [0x00000007a4d00000,0x00000007b9c48240,0x00000007c0000000)
  to   space 449536K, 0% used [0x0000000789200000,0x0000000789200000,0x00000007a4900000)
 ParOldGen       total 1499136K, used 1046334K [0x00000006c0000000, 0x000000071b800000, 0x000000076ab00000)
  object space 1499136K, 69% used [0x00000006c0000000,0x00000006ffdcf898,0x000000071b800000)
 Metaspace       used 61532K, capacity 61866K, committed 62592K, reserved 1103872K
  class space    used 8772K, capacity 8884K, committed 9088K, reserved 1048576K
Event: 21683.705 GC heap after
Heap after GC invocations=98 (full 18):
 PSYoungGen      total 944128K, used 0K [0x000000076ab00000, 0x00000007c0000000, 0x00000007c0000000)
  eden space 498688K, 0% used [0x000000076ab00000,0x000000076ab00000,0x0000000789200000)
  from space 445440K, 0% used [0x00000007a4d00000,0x00000007a4d00000,0x00000007c0000000)
  to   space 449536K, 0% used [0x0000000789200000,0x0000000789200000,0x00000007a4900000)
 ParOldGen       total 1499136K, used 1387607K [0x00000006c0000000, 0x000000071b800000, 0x000000076ab00000)
  object space 1499136K, 92% used [0x00000006c0000000,0x0000000714b15e28,0x000000071b800000)
 Metaspace       used 61532K, capacity 61866K, committed 62592K, reserved 1103872K
  class space    used 8772K, capacity 8884K, committed 9088K, reserved 1048576K
}
Event: 21768.618 GC heap before
{Heap before GC invocations=99 (full 18):
 PSYoungGen      total 944128K, used 498688K [0x000000076ab00000, 0x00000007c0000000, 0x00000007c0000000)
  eden space 498688K, 100% used [0x000000076ab00000,0x0000000789200000,0x0000000789200000)
  from space 445440K, 0% used [0x00000007a4d00000,0x00000007a4d00000,0x00000007c0000000)
  to   space 449536K, 0% used [0x0000000789200000,0x0000000789200000,0x00000007a4900000)
 ParOldGen       total 1499136K, used 1387607K [0x00000006c0000000, 0x000000071b800000, 0x000000076ab00000)
  object space 1499136K, 92% used [0x00000006c0000000,0x0000000714b15e28,0x000000071b800000)
 Metaspace       used 61535K, capacity 61872K, committed 62592K, reserved 1103872K
  class space    used 8773K, capacity 8885K, committed 9088K, reserved 1048576K
Event: 21771.379 GC heap after
Heap after GC invocations=99 (full 18):
 PSYoungGen      total 519168K, used 19991K [0x000000076ab00000, 0x00000007c0000000, 0x00000007c0000000)
  eden space 498688K, 0% used [0x000000076ab00000,0x000000076ab00000,0x0000000789200000)
  from space 20480K, 97% used [0x0000000789200000,0x000000078a585f10,0x000000078a600000)
  to   space 465920K, 0% used [0x00000007a3900000,0x00000007a3900000,0x00000007c0000000)
 ParOldGen       total 1499136K, used 1387607K [0x00000006c0000000, 0x000000071b800000, 0x000000076ab00000)
  object space 1499136K, 92% used [0x00000006c0000000,0x0000000714b15e28,0x000000071b800000)
 Metaspace       used 61535K, capacity 61872K, committed 62592K, reserved 1103872K
  class space    used 8773K, capacity 8885K, committed 9088K, reserved 1048576K
}
Event: 21867.119 GC heap before
{Heap before GC invocations=100 (full 18):
 PSYoungGen      total 519168K, used 518679K [0x000000076ab00000, 0x00000007c0000000, 0x00000007c0000000)
  eden space 498688K, 100% used [0x000000076ab00000,0x0000000789200000,0x0000000789200000)
  from space 20480K, 97% used [0x0000000789200000,0x000000078a585f10,0x000000078a600000)
  to   space 465920K, 0% used [0x00000007a3900000,0x00000007a3900000,0x00000007c0000000)
 ParOldGen       total 1499136K, used 1387607K [0x00000006c0000000, 0x000000071b800000, 0x000000076ab00000)
  object space 1499136K, 92% used [0x00000006c0000000,0x0000000714b15e28,0x000000071b800000)
 Metaspace       used 61535K, capacity 61872K, committed 62592K, reserved 1103872K
  class space    used 8773K, capacity 8885K, committed 9088K, reserved 1048576K
Event: 21871.235 GC heap after
Heap after GC invocations=100 (full 18):
 PSYoungGen      total 931840K, used 38884K [0x000000076ab00000, 0x00000007c0000000, 0x00000007c0000000)
  eden space 465920K, 0% used [0x000000076ab00000,0x000000076ab00000,0x0000000787200000)
  from space 465920K, 8% used [0x00000007a3900000,0x00000007a5ef93c0,0x00000007c0000000)
  to   space 465920K, 0% used [0x0000000787200000,0x0000000787200000,0x00000007a3900000)
 ParOldGen       total 1499136K, used 1387607K [0x00000006c0000000, 0x000000071b800000, 0x000000076ab00000)
  object space 1499136K, 92% used [0x00000006c0000000,0x0000000714b15e28,0x000000071b800000)
 Metaspace       used 61535K, capacity 61872K, committed 62592K, reserved 1103872K
  class space    used 8773K, capacity 8885K, committed 9088K, reserved 1048576K
}

