# JRE version: Java(TM) SE Runtime Environment (8.0_71-b15) (build 1.8.0_71-b15)
# Java VM: Java HotSpot(TM) 64-Bit Server VM (25.71-b15 mixed mode bsd-amd64 compressed oops)
Heap:
 PSYoungGen      total 472576K, used 65146K [0x000000076ab00000, 0x0000000798e80000, 0x00000007c0000000)
  eden space 327168K, 19% used [0x000000076ab00000,0x000000076ea9e908,0x000000077ea80000)
  from space 145408K, 0% used [0x000000077ea80000,0x000000077ea80000,0x0000000787880000)
  to   space 215040K, 0% used [0x000000078bc80000,0x000000078bc80000,0x0000000798e80000)
 ParOldGen       total 993280K, used 993260K [0x00000006c0000000, 0x00000006fca00000, 0x000000076ab00000)
  object space 993280K, 99% used [0x00000006c0000000,0x00000006fc9fb1a8,0x00000006fca00000)
 Metaspace       used 60511K, capacity 60882K, committed 61568K, reserved 1101824K
  class space    used 8662K, capacity 8746K, committed 8832K, reserved 1048576K
GC Heap History (10 events):
Event: 21492.607 GC heap before
{Heap before GC invocations=167 (full 16):
 PSYoungGen      total 517632K, used 439456K [0x000000076ab00000, 0x0000000797d00000, 0x00000007c0000000)
  eden space 296960K, 100% used [0x000000076ab00000,0x000000077cd00000,0x000000077cd00000)
  from space 220672K, 64% used [0x000000078a580000,0x00000007930a8000,0x0000000797d00000)
  to   space 221184K, 0% used [0x000000077cd00000,0x000000077cd00000,0x000000078a500000)
 ParOldGen       total 993280K, used 879839K [0x00000006c0000000, 0x00000006fca00000, 0x000000076ab00000)
  object space 993280K, 88% used [0x00000006c0000000,0x00000006f5b37ef0,0x00000006fca00000)
 Metaspace       used 60474K, capacity 60810K, committed 61312K, reserved 1101824K
  class space    used 8662K, capacity 8746K, committed 8832K, reserved 1048576K
Event: 21494.455 GC heap after
Heap after GC invocations=167 (full 16):
 PSYoungGen      total 518144K, used 144212K [0x000000076ab00000, 0x0000000799700000, 0x00000007c0000000)
  eden space 296960K, 0% used [0x000000076ab00000,0x000000076ab00000,0x000000077cd00000)
  from space 221184K, 65% used [0x000000077cd00000,0x00000007859d5240,0x000000078a500000)
  to   space 219136K, 0% used [0x000000078c100000,0x000000078c100000,0x0000000799700000)
 ParOldGen       total 993280K, used 889591K [0x00000006c0000000, 0x00000006fca00000, 0x000000076ab00000)
  object space 993280K, 89% used [0x00000006c0000000,0x00000006f64bdef0,0x00000006fca00000)
 Metaspace       used 60474K, capacity 60810K, committed 61312K, reserved 1101824K
  class space    used 8662K, capacity 8746K, committed 8832K, reserved 1048576K
}
Event: 21553.589 GC heap before
{Heap before GC invocations=168 (full 16):
 PSYoungGen      total 518144K, used 441172K [0x000000076ab00000, 0x0000000799700000, 0x00000007c0000000)
  eden space 296960K, 100% used [0x000000076ab00000,0x000000077cd00000,0x000000077cd00000)
  from space 221184K, 65% used [0x000000077cd00000,0x00000007859d5240,0x000000078a500000)
  to   space 219136K, 0% used [0x000000078c100000,0x000000078c100000,0x0000000799700000)
 ParOldGen       total 993280K, used 889591K [0x00000006c0000000, 0x00000006fca00000, 0x000000076ab00000)
  object space 993280K, 89% used [0x00000006c0000000,0x00000006f64bdef0,0x00000006fca00000)
 Metaspace       used 60474K, capacity 60810K, committed 61312K, reserved 1101824K
  class space    used 8662K, capacity 8746K, committed 8832K, reserved 1048576K
Event: 21554.967 GC heap after
Heap after GC invocations=168 (full 16):
 PSYoungGen      total 542720K, used 145760K [0x000000076ab00000, 0x0000000799380000, 0x00000007c0000000)
  eden space 327168K, 0% used [0x000000076ab00000,0x000000076ab00000,0x000000077ea80000)
  from space 215552K, 67% used [0x000000078c100000,0x0000000794f58000,0x0000000799380000)
  to   space 217600K, 0% used [0x000000077ea80000,0x000000077ea80000,0x000000078bf00000)
 ParOldGen       total 993280K, used 899327K [0x00000006c0000000, 0x00000006fca00000, 0x000000076ab00000)
  object space 993280K, 90% used [0x00000006c0000000,0x00000006f6e3fef0,0x00000006fca00000)
 Metaspace       used 60474K, capacity 60810K, committed 61312K, reserved 1101824K
  class space    used 8662K, capacity 8746K, committed 8832K, reserved 1048576K
}
Event: 21601.525 GC heap before
{Heap before GC invocations=169 (full 16):
 PSYoungGen      total 542720K, used 378782K [0x000000076ab00000, 0x0000000799380000, 0x00000007c0000000)
  eden space 327168K, 71% used [0x000000076ab00000,0x0000000778e8fa18,0x000000077ea80000)
  from space 215552K, 67% used [0x000000078c100000,0x0000000794f58000,0x0000000799380000)
  to   space 217600K, 0% used [0x000000077ea80000,0x000000077ea80000,0x000000078bf00000)
 ParOldGen       total 993280K, used 899327K [0x00000006c0000000, 0x00000006fca00000, 0x000000076ab00000)
  object space 993280K, 90% used [0x00000006c0000000,0x00000006f6e3fef0,0x00000006fca00000)
 Metaspace       used 60474K, capacity 60810K, committed 61312K, reserved 1101824K
  class space    used 8662K, capacity 8746K, committed 8832K, reserved 1048576K
Event: 21602.608 GC heap after
Heap after GC invocations=169 (full 16):
 PSYoungGen      total 472576K, used 144992K [0x000000076ab00000, 0x0000000798e80000, 0x00000007c0000000)
  eden space 327168K, 0% used [0x000000076ab00000,0x000000076ab00000,0x000000077ea80000)
  from space 145408K, 99% used [0x000000077ea80000,0x0000000787818000,0x0000000787880000)
  to   space 215040K, 0% used [0x000000078bc80000,0x000000078bc80000,0x0000000798e80000)
 ParOldGen       total 993280K, used 908967K [0x00000006c0000000, 0x00000006fca00000, 0x000000076ab00000)
  object space 993280K, 91% used [0x00000006c0000000,0x00000006f77a9ef0,0x00000006fca00000)
 Metaspace       used 60474K, capacity 60810K, committed 61312K, reserved 1101824K
  class space    used 8662K, capacity 8746K, committed 8832K, reserved 1048576K
}
Event: 21602.608 GC heap before
{Heap before GC invocations=170 (full 17):
 PSYoungGen      total 472576K, used 144992K [0x000000076ab00000, 0x0000000798e80000, 0x00000007c0000000)
  eden space 327168K, 0% used [0x000000076ab00000,0x000000076ab00000,0x000000077ea80000)
  from space 145408K, 99% used [0x000000077ea80000,0x0000000787818000,0x0000000787880000)
  to   space 215040K, 0% used [0x000000078bc80000,0x000000078bc80000,0x0000000798e80000)
 ParOldGen       total 993280K, used 908967K [0x00000006c0000000, 0x00000006fca00000, 0x000000076ab00000)
  object space 993280K, 91% used [0x00000006c0000000,0x00000006f77a9ef0,0x00000006fca00000)
 Metaspace       used 60474K, capacity 60810K, committed 61312K, reserved 1101824K
  class space    used 8662K, capacity 8746K, committed 8832K, reserved 1048576K
Event: 21641.061 GC heap after
Heap after GC invocations=170 (full 17):
 PSYoungGen      total 472576K, used 58174K [0x000000076ab00000, 0x0000000798e80000, 0x00000007c0000000)
  eden space 327168K, 0% used [0x000000076ab00000,0x000000076ab00000,0x000000077ea80000)
  from space 145408K, 40% used [0x000000077ea80000,0x000000078234fa68,0x0000000787880000)
  to   space 215040K, 0% used [0x000000078bc80000,0x000000078bc80000,0x0000000798e80000)
 ParOldGen       total 993280K, used 992824K [0x00000006c0000000, 0x00000006fca00000, 0x000000076ab00000)
  object space 993280K, 99% used [0x00000006c0000000,0x00000006fc98e3d0,0x00000006fca00000)
 Metaspace       used 60474K, capacity 60810K, committed 61312K, reserved 1101824K
  class space    used 8662K, capacity 8746K, committed 8832K, reserved 1048576K
}
Event: 23401.525 GC heap before
{Heap before GC invocations=171 (full 18):
 PSYoungGen      total 472576K, used 153460K [0x000000076ab00000, 0x0000000798e80000, 0x00000007c0000000)
  eden space 327168K, 29% used [0x000000076ab00000,0x000000077080d898,0x000000077ea80000)
  from space 145408K, 40% used [0x000000077ea80000,0x000000078234fa68,0x0000000787880000)
  to   space 215040K, 0% used [0x000000078bc80000,0x000000078bc80000,0x0000000798e80000)
 ParOldGen       total 993280K, used 992824K [0x00000006c0000000, 0x00000006fca00000, 0x000000076ab00000)
  object space 993280K, 99% used [0x00000006c0000000,0x00000006fc98e3d0,0x00000006fca00000)
 Metaspace       used 60503K, capacity 60874K, committed 61568K, reserved 1101824K
  class space    used 8662K, capacity 8746K, committed 8832K, reserved 1048576K
Event: 23501.052 GC heap after
Heap after GC invocations=171 (full 18):
 PSYoungGen      total 472576K, used 61429K [0x000000076ab00000, 0x0000000798e80000, 0x00000007c0000000)
  eden space 327168K, 18% used [0x000000076ab00000,0x000000076e6fd758,0x000000077ea80000)
  from space 145408K, 0% used [0x000000077ea80000,0x000000077ea80000,0x0000000787880000)
  to   space 215040K, 0% used [0x000000078bc80000,0x000000078bc80000,0x0000000798e80000)
 ParOldGen       total 993280K, used 993260K [0x00000006c0000000, 0x00000006fca00000, 0x000000076ab00000)
  object space 993280K, 99% used [0x00000006c0000000,0x00000006fc9fb1a8,0x00000006fca00000)
 Metaspace       used 60503K, capacity 60874K, committed 61568K, reserved 1101824K
  class space    used 8662K, capacity 8746K, committed 8832K, reserved 1048576K
}

