# JRE version: Java(TM) SE Runtime Environment (8.0_71-b15) (build 1.8.0_71-b15)
# Java VM: Java HotSpot(TM) 64-Bit Server VM (25.71-b15 mixed mode bsd-amd64 compressed oops)
Heap:
 PSYoungGen      total 679936K, used 254918K [0x000000076ab00000, 0x00000007a5300000, 0x00000007c0000000)
  eden space 449024K, 20% used [0x000000076ab00000,0x00000007702d80b0,0x0000000786180000)
  from space 230912K, 71% used [0x0000000786180000,0x0000000790299ae8,0x0000000794300000)
  to   space 231936K, 0% used [0x0000000797080000,0x0000000797080000,0x00000007a5300000)
 ParOldGen       total 1625600K, used 1019889K [0x00000006c0000000, 0x0000000723380000, 0x000000076ab00000)
  object space 1625600K, 62% used [0x00000006c0000000,0x00000006fe3fc6a0,0x0000000723380000)
 Metaspace       used 65603K, capacity 65968K, committed 66560K, reserved 1105920K
  class space    used 9479K, capacity 9586K, committed 9728K, reserved 1048576K
GC Heap History (10 events):
Event: 23490.916 GC heap before
{Heap before GC invocations=216 (full 19):
 PSYoungGen      total 661504K, used 497669K [0x000000076ab00000, 0x00000007a3000000, 0x00000007c0000000)
  eden space 408576K, 100% used [0x000000076ab00000,0x0000000783a00000,0x0000000783a00000)
  from space 252928K, 35% used [0x0000000783a00000,0x00000007891016a8,0x0000000793100000)
  to   space 254464K, 0% used [0x0000000793780000,0x0000000793780000,0x00000007a3000000)
 ParOldGen       total 1019904K, used 1019729K [0x00000006c0000000, 0x00000006fe400000, 0x000000076ab00000)
  object space 1019904K, 99% used [0x00000006c0000000,0x00000006fe3d45f8,0x00000006fe400000)
 Metaspace       used 65516K, capacity 65866K, committed 66560K, reserved 1105920K
  class space    used 9454K, capacity 9553K, committed 9728K, reserved 1048576K
Event: 23510.424 GC heap after
Heap after GC invocations=216 (full 19):
 PSYoungGen      total 661504K, used 104285K [0x000000076ab00000, 0x00000007a3000000, 0x00000007c0000000)
  eden space 408576K, 25% used [0x000000076ab00000,0x00000007710d74f8,0x0000000783a00000)
  from space 252928K, 0% used [0x0000000783a00000,0x0000000783a00000,0x0000000793100000)
  to   space 254464K, 0% used [0x0000000793780000,0x0000000793780000,0x00000007a3000000)
 ParOldGen       total 1625600K, used 1019889K [0x00000006c0000000, 0x0000000723380000, 0x000000076ab00000)
  object space 1625600K, 62% used [0x00000006c0000000,0x00000006fe3fc6a0,0x0000000723380000)
 Metaspace       used 65516K, capacity 65866K, committed 66560K, reserved 1105920K
  class space    used 9454K, capacity 9553K, committed 9728K, reserved 1048576K
}
Event: 23551.870 GC heap before
{Heap before GC invocations=217 (full 19):
 PSYoungGen      total 661504K, used 408576K [0x000000076ab00000, 0x00000007a3000000, 0x00000007c0000000)
  eden space 408576K, 100% used [0x000000076ab00000,0x0000000783a00000,0x0000000783a00000)
  from space 252928K, 0% used [0x0000000783a00000,0x0000000783a00000,0x0000000793100000)
  to   space 254464K, 0% used [0x0000000793780000,0x0000000793780000,0x00000007a3000000)
 ParOldGen       total 1625600K, used 1019889K [0x00000006c0000000, 0x0000000723380000, 0x000000076ab00000)
  object space 1625600K, 62% used [0x00000006c0000000,0x00000006fe3fc6a0,0x0000000723380000)
 Metaspace       used 65516K, capacity 65866K, committed 66560K, reserved 1105920K
  class space    used 9454K, capacity 9553K, committed 9728K, reserved 1048576K
Event: 23562.123 GC heap after
Heap after GC invocations=217 (full 19):
 PSYoungGen      total 675840K, used 116128K [0x000000076ab00000, 0x00000007a3280000, 0x00000007c0000000)
  eden space 421376K, 0% used [0x000000076ab00000,0x000000076ab00000,0x0000000784680000)
  from space 254464K, 45% used [0x0000000793780000,0x000000079a8e8020,0x00000007a3000000)
  to   space 246784K, 0% used [0x0000000784680000,0x0000000784680000,0x0000000793780000)
 ParOldGen       total 1625600K, used 1019889K [0x00000006c0000000, 0x0000000723380000, 0x000000076ab00000)
  object space 1625600K, 62% used [0x00000006c0000000,0x00000006fe3fc6a0,0x0000000723380000)
 Metaspace       used 65516K, capacity 65866K, committed 66560K, reserved 1105920K
  class space    used 9454K, capacity 9553K, committed 9728K, reserved 1048576K
}
Event: 23637.893 GC heap before
{Heap before GC invocations=218 (full 19):
 PSYoungGen      total 675840K, used 537504K [0x000000076ab00000, 0x00000007a3280000, 0x00000007c0000000)
  eden space 421376K, 100% used [0x000000076ab00000,0x0000000784680000,0x0000000784680000)
  from space 254464K, 45% used [0x0000000793780000,0x000000079a8e8020,0x00000007a3000000)
  to   space 246784K, 0% used [0x0000000784680000,0x0000000784680000,0x0000000793780000)
 ParOldGen       total 1625600K, used 1019889K [0x00000006c0000000, 0x0000000723380000, 0x000000076ab00000)
  object space 1625600K, 62% used [0x00000006c0000000,0x00000006fe3fc6a0,0x0000000723380000)
 Metaspace       used 65516K, capacity 65866K, committed 66560K, reserved 1105920K
  class space    used 9454K, capacity 9553K, committed 9728K, reserved 1048576K
Event: 23639.702 GC heap after
Heap after GC invocations=218 (full 19):
 PSYoungGen      total 668160K, used 132193K [0x000000076ab00000, 0x00000007a2980000, 0x00000007c0000000)
  eden space 421376K, 0% used [0x000000076ab00000,0x000000076ab00000,0x0000000784680000)
  from space 246784K, 53% used [0x0000000784680000,0x000000078c798480,0x0000000793780000)
  to   space 236032K, 0% used [0x0000000794300000,0x0000000794300000,0x00000007a2980000)
 ParOldGen       total 1625600K, used 1019889K [0x00000006c0000000, 0x0000000723380000, 0x000000076ab00000)
  object space 1625600K, 62% used [0x00000006c0000000,0x00000006fe3fc6a0,0x0000000723380000)
 Metaspace       used 65516K, capacity 65866K, committed 66560K, reserved 1105920K
  class space    used 9454K, capacity 9553K, committed 9728K, reserved 1048576K
}
Event: 23721.040 GC heap before
{Heap before GC invocations=219 (full 19):
 PSYoungGen      total 668160K, used 553569K [0x000000076ab00000, 0x00000007a2980000, 0x00000007c0000000)
  eden space 421376K, 100% used [0x000000076ab00000,0x0000000784680000,0x0000000784680000)
  from space 246784K, 53% used [0x0000000784680000,0x000000078c798480,0x0000000793780000)
  to   space 236032K, 0% used [0x0000000794300000,0x0000000794300000,0x00000007a2980000)
 ParOldGen       total 1625600K, used 1019889K [0x00000006c0000000, 0x0000000723380000, 0x000000076ab00000)
  object space 1625600K, 62% used [0x00000006c0000000,0x00000006fe3fc6a0,0x0000000723380000)
 Metaspace       used 65516K, capacity 65866K, committed 66560K, reserved 1105920K
  class space    used 9454K, capacity 9553K, committed 9728K, reserved 1048576K
Event: 23753.412 GC heap after
Heap after GC invocations=219 (full 19):
 PSYoungGen      total 685056K, used 148291K [0x000000076ab00000, 0x00000007a3680000, 0x00000007c0000000)
  eden space 449024K, 0% used [0x000000076ab00000,0x000000076ab00000,0x0000000786180000)
  from space 236032K, 62% used [0x0000000794300000,0x000000079d3d0cc8,0x00000007a2980000)
  to   space 230912K, 0% used [0x0000000786180000,0x0000000786180000,0x0000000794300000)
 ParOldGen       total 1625600K, used 1019889K [0x00000006c0000000, 0x0000000723380000, 0x000000076ab00000)
  object space 1625600K, 62% used [0x00000006c0000000,0x00000006fe3fc6a0,0x0000000723380000)
 Metaspace       used 65516K, capacity 65866K, committed 66560K, reserved 1105920K
  class space    used 9454K, capacity 9553K, committed 9728K, reserved 1048576K
}
Event: 23810.037 GC heap before
{Heap before GC invocations=220 (full 19):
 PSYoungGen      total 685056K, used 597315K [0x000000076ab00000, 0x00000007a3680000, 0x00000007c0000000)
  eden space 449024K, 100% used [0x000000076ab00000,0x0000000786180000,0x0000000786180000)
  from space 236032K, 62% used [0x0000000794300000,0x000000079d3d0cc8,0x00000007a2980000)
  to   space 230912K, 0% used [0x0000000786180000,0x0000000786180000,0x0000000794300000)
 ParOldGen       total 1625600K, used 1019889K [0x00000006c0000000, 0x0000000723380000, 0x000000076ab00000)
  object space 1625600K, 62% used [0x00000006c0000000,0x00000006fe3fc6a0,0x0000000723380000)
 Metaspace       used 65516K, capacity 65866K, committed 66560K, reserved 1105920K
  class space    used 9454K, capacity 9553K, committed 9728K, reserved 1048576K
Event: 23812.524 GC heap after
Heap after GC invocations=220 (full 19):
 PSYoungGen      total 679936K, used 164966K [0x000000076ab00000, 0x00000007a5300000, 0x00000007c0000000)
  eden space 449024K, 0% used [0x000000076ab00000,0x000000076ab00000,0x0000000786180000)
  from space 230912K, 71% used [0x0000000786180000,0x0000000790299ae8,0x0000000794300000)
  to   space 231936K, 0% used [0x0000000797080000,0x0000000797080000,0x00000007a5300000)
 ParOldGen       total 1625600K, used 1019889K [0x00000006c0000000, 0x0000000723380000, 0x000000076ab00000)
  object space 1625600K, 62% used [0x00000006c0000000,0x00000006fe3fc6a0,0x0000000723380000)
 Metaspace       used 65516K, capacity 65866K, committed 66560K, reserved 1105920K
  class space    used 9454K, capacity 9553K, committed 9728K, reserved 1048576K
}

